<?xml version="1.0" encoding="utf-8"?><testsuites><testsuite name="pytest" errors="0" failures="0" skipped="0" tests="1" time="0.062" timestamp="2024-05-07T14:00:40.096803" hostname="Christophers-MacBook-Pro.local"><testcase classname="tests.test_hello" name="test_hello" time="0.001" /></testsuite></testsuites>